[    0.000000] Initializing cgroup subsys cpuset
[    0.000000] Initializing cgroup subsys cpu
[    0.000000] Initializing cgroup subsys cpuacct
[    0.000000] Linux version 4.4.0-141-generic (buildd@lcy01-amd64-027) (gcc version 5.4.0 20160609 (Ubuntu 5.4.0-6ubuntu1~16.04.10) ) #167-Ubuntu SMP Wed Dec 5 10:38:08 UTC 2018 (Ubuntu 4.4.0-141.167-generic 4.4.162)
[    0.000000] KERNEL supported cpus:
[    0.000000]   Intel GenuineIntel
[    0.000000]   AMD AuthenticAMD
[    0.000000]   NSC Geode by NSC
[    0.000000]   Cyrix CyrixInstead
[    0.000000]   Centaur CentaurHauls
[    0.000000]   Transmeta GenuineTMx86
[    0.000000]   Transmeta TransmetaCPU
[    0.000000]   UMC UMC UMC UMC
[    0.000000] x86/fpu: Supporting XSAVE feature 0x01: 'x87 floating point registers'
[    0.000000] x86/fpu: Supporting XSAVE feature 0x02: 'SSE registers'
[    0.000000] x86/fpu: Enabled xstate features 0x3, context size is 576 bytes, using 'standard' format.
[    0.000000] e820: BIOS-provided physical RAM map:
[    0.000000] BIOS-e820: [mem 0x0000000000000000-0x000000000009fbff] usable
[    0.000000] BIOS-e820: [mem 0x000000000009fc00-0x000000000009ffff] reserved
[    0.000000] BIOS-e820: [mem 0x00000000000f0000-0x00000000000fffff] reserved
[    0.000000] BIOS-e820: [mem 0x0000000000100000-0x000000003ffeffff] usable
[    0.000000] BIOS-e820: [mem 0x000000003fff0000-0x000000003fffffff] ACPI data
[    0.000000] BIOS-e820: [mem 0x00000000fec00000-0x00000000fec00fff] reserved
[    0.000000] BIOS-e820: [mem 0x00000000fee00000-0x00000000fee00fff] reserved
[    0.000000] BIOS-e820: [mem 0x00000000fffc0000-0x00000000ffffffff] reserved
[    0.000000] NX (Execute Disable) protection: active
[    0.000000] SMBIOS 2.5 present.
[    0.000000] Hypervisor detected: KVM
[    0.000000] e820: last_pfn = 0x3fff0 max_arch_pfn = 0x1000000
[    0.000000] MTRR: Disabled
[    0.000000] x86/PAT: MTRRs disabled, skipping PAT initialization too.
[    0.000000] CPU MTRRs all blank - virtualized system.
[    0.000000] x86/PAT: Configuration [0-7]: WB  WT  UC- UC  WB  WT  UC- UC  
[    0.000000] found SMP MP-table at [mem 0x0009fff0-0x0009ffff] mapped at [c009fff0]
[    0.000000] Scanning 1 areas for low memory corruption
[    0.000000] RAMDISK: [mem 0x3631c000-0x37185fff]
[    0.000000] ACPI: Early table checksum verification disabled
[    0.000000] ACPI: RSDP 0x00000000000E0000 000024 (v02 VBOX  )
[    0.000000] ACPI: XSDT 0x000000003FFF0030 00003C (v01 VBOX   VBOXXSDT 00000001 ASL  00000061)
[    0.000000] ACPI: FACP 0x000000003FFF00F0 0000F4 (v04 VBOX   VBOXFACP 00000001 ASL  00000061)
[    0.000000] ACPI: DSDT 0x000000003FFF0470 0021FF (v02 VBOX   VBOXBIOS 00000002 INTL 20100528)
[    0.000000] ACPI: FACS 0x000000003FFF0200 000040
[    0.000000] ACPI: FACS 0x000000003FFF0200 000040
[    0.000000] ACPI: APIC 0x000000003FFF0240 000054 (v02 VBOX   VBOXAPIC 00000001 ASL  00000061)
[    0.000000] ACPI: SSDT 0x000000003FFF02A0 0001CC (v01 VBOX   VBOXCPUT 00000002 INTL 20100528)
[    0.000000] 131MB HIGHMEM available.
[    0.000000] 891MB LOWMEM available.
[    0.000000]   mapped low ram: 0 - 37bfe000
[    0.000000]   low ram: 0 - 37bfe000
[    0.000000] kvm-clock: Using msrs 4b564d01 and 4b564d00
[    0.000000] kvm-clock: cpu 0, msr 0:37bfd001, primary cpu clock
[    0.000000] kvm-clock: using sched offset of 6844402599 cycles
[    0.000000] clocksource: kvm-clock: mask: 0xffffffffffffffff max_cycles: 0x1cd42e4dffb, max_idle_ns: 881590591483 ns
[    0.000000] Zone ranges:
[    0.000000]   DMA      [mem 0x0000000000001000-0x0000000000ffffff]
[    0.000000]   Normal   [mem 0x0000000001000000-0x0000000037bfdfff]
[    0.000000]   HighMem  [mem 0x0000000037bfe000-0x000000003ffeffff]
[    0.000000] Movable zone start for each node
[    0.000000] Early memory node ranges
[    0.000000]   node   0: [mem 0x0000000000001000-0x000000000009efff]
[    0.000000]   node   0: [mem 0x0000000000100000-0x000000003ffeffff]
[    0.000000] Initmem setup node 0 [mem 0x0000000000001000-0x000000003ffeffff]
[    0.000000] Using APIC driver default
[    0.000000] ACPI: PM-Timer IO Port: 0x4008
[    0.000000] IOAPIC[0]: apic_id 1, version 32, address 0xfec00000, GSI 0-23
[    0.000000] ACPI: INT_SRC_OVR (bus 0 bus_irq 0 global_irq 2 dfl dfl)
[    0.000000] ACPI: INT_SRC_OVR (bus 0 bus_irq 9 global_irq 9 low level)
[    0.000000] Using ACPI (MADT) for SMP configuration information
[    0.000000] smpboot: Allowing 1 CPUs, 0 hotplug CPUs
[    0.000000] PM: Registered nosave memory: [mem 0x00000000-0x00000fff]
[    0.000000] PM: Registered nosave memory: [mem 0x0009f000-0x0009ffff]
[    0.000000] PM: Registered nosave memory: [mem 0x000a0000-0x000effff]
[    0.000000] PM: Registered nosave memory: [mem 0x000f0000-0x000fffff]
[    0.000000] e820: [mem 0x40000000-0xfebfffff] available for PCI devices
[    0.000000] Booting paravirtualized kernel on KVM
[    0.000000] clocksource: refined-jiffies: mask: 0xffffffff max_cycles: 0xffffffff, max_idle_ns: 7645519600211568 ns
[    0.000000] setup_percpu: NR_CPUS:8 nr_cpumask_bits:8 nr_cpu_ids:1 nr_node_ids:1
[    0.000000] PERCPU: Embedded 19 pages/cpu @f71c3000 s47436 r0 d30388 u77824
[    0.000000] PV qspinlock hash table entries: 512 (order: 0, 4096 bytes)
[    0.000000] Built 1 zonelists in Zone order, mobility grouping on.  Total pages: 259800
[    0.000000] Kernel command line: BOOT_IMAGE=/boot/vmlinuz-4.4.0-141-generic root=UUID=12154224-cfcd-47e3-99a9-be53885bac7d ro console=tty1 console=ttyS0
[    0.000000] PID hash table entries: 4096 (order: 2, 16384 bytes)
[    0.000000] Dentry cache hash table entries: 131072 (order: 7, 524288 bytes)
[    0.000000] Inode-cache hash table entries: 65536 (order: 6, 262144 bytes)
[    0.000000] Initializing CPU#0
[    0.000000] Initializing HighMem for node 0 (00037bfe:0003fff0)
[    0.000000] Initializing Movable for node 0 (00000000:00000000)
[    0.000000] Memory: 1008120K/1048120K available (8052K kernel code, 778K rwdata, 3180K rodata, 952K init, 800K bss, 40000K reserved, 0K cma-reserved, 135112K highmem)
[    0.000000] virtual kernel memory layout:
[    0.000000]     fixmap  : 0xfff15000 - 0xfffff000   ( 936 kB)
[    0.000000]     pkmap   : 0xffc00000 - 0xffe00000   (2048 kB)
[    0.000000]     vmalloc : 0xf83fe000 - 0xffbfe000   ( 120 MB)
[    0.000000]     lowmem  : 0xc0000000 - 0xf7bfe000   ( 891 MB)
[    0.000000]       .init : 0xc1bbe000 - 0xc1cac000   ( 952 kB)
[    0.000000]       .data : 0xc17dd3c4 - 0xc1bbc9c0   (3965 kB)
[    0.000000]       .text : 0xc1000000 - 0xc17dd3c4   (8052 kB)
[    0.000000] Checking if this processor honours the WP bit even in supervisor mode...Ok.
[    0.000000] SLUB: HWalign=64, Order=0-3, MinObjects=0, CPUs=1, Nodes=1
[    0.000000] Hierarchical RCU implementation.
[    0.000000] 	Build-time adjustment of leaf fanout to 32.
[    0.000000] 	RCU restricting CPUs from NR_CPUS=8 to nr_cpu_ids=1.
[    0.000000] RCU: Adjusting geometry for rcu_fanout_leaf=32, nr_cpu_ids=1
[    0.000000] NR_IRQS:2304 nr_irqs:256 16
[    0.000000] Console: colour VGA+ 80x25
[    0.000000] console [tty1] enabled
[    0.000000] console [ttyS0] enabled
[    0.000000] allocated 1048576 bytes of page_ext
[    0.000000] tsc: Detected 1899.999 MHz processor
[    0.810394] Calibrating delay loop (skipped) preset value.. 3799.99 BogoMIPS (lpj=7599996)
[    0.816959] pid_max: default: 32768 minimum: 301
[    0.820883] ACPI: Core revision 20150930
[    0.832970] ACPI: 2 ACPI AML tables successfully acquired and loaded
[    0.838916] Security Framework initialized
[    0.843679] Yama: becoming mindful.
[    0.850810] AppArmor: AppArmor initialized
[    0.853922] Mount-cache hash table entries: 2048 (order: 1, 8192 bytes)
[    0.858484] Mountpoint-cache hash table entries: 2048 (order: 1, 8192 bytes)
[    0.863812] Initializing cgroup subsys io
[    0.866175] Initializing cgroup subsys memory
[    0.868692] Initializing cgroup subsys devices
[    0.871173] Initializing cgroup subsys freezer
[    0.873746] Initializing cgroup subsys net_cls
[    0.876263] Initializing cgroup subsys perf_event
[    0.878818] Initializing cgroup subsys net_prio
[    0.881350] Initializing cgroup subsys hugetlb
[    0.884116] Initializing cgroup subsys pids
[    0.888983] mce: CPU supports 0 MCE banks
[    0.891323] process: using mwait in idle threads
[    0.893960] Last level iTLB entries: 4KB 64, 2MB 8, 4MB 8
[    0.896865] Last level dTLB entries: 4KB 64, 2MB 0, 4MB 0, 1GB 4
[    0.899929] Spectre V2 : Mitigation: Full generic retpoline
[    0.902765] Spectre V2 : Spectre v2 mitigation: Speculation control IBPB not-supported IBRS not-supported
[    0.907150] Spectre V2 : Spectre v2 / SpectreRSB mitigation: Filling RSB on context switch
[    0.912898] Speculative Store Bypass: Vulnerable
[    0.970280] Freeing SMP alternatives memory: 32K
[    0.993977] ftrace: allocating 31566 entries in 62 pages
[    1.158827] smpboot: APIC(0) Converting physical 0 to logical package 0
[    1.175379] smpboot: Max logical packages: 1
[    1.178648] Enabling APIC mode:  Flat.  Using 1 I/O APICs
[    1.186838] ..TIMER: vector=0x30 apic1=0 pin1=2 apic2=-1 pin2=-1
[    1.295404] smpboot: CPU0: Intel(R) Pentium(R) CPU 3825U @ 1.90GHz (family: 0x6, model: 0x3d, stepping: 0x4)
[    1.321098] Performance Events: unsupported p6 CPU model 61 no PMU driver, software events only.
[    1.335662] KVM setup paravirtual spinlock
[    1.339774] x86: Booted up 1 node, 1 CPUs
[    1.342082] smpboot: Total of 1 processors activated (3799.99 BogoMIPS)
[    1.346103] devtmpfs: initialized
[    1.348792] evm: security.selinux
[    1.350823] evm: security.SMACK64
[    1.353220] evm: security.SMACK64EXEC
[    1.357264] evm: security.SMACK64TRANSMUTE
[    1.361540] evm: security.SMACK64MMAP
[    1.366072] evm: security.ima
[    1.369647] evm: security.capability
[    1.372251] clocksource: jiffies: mask: 0xffffffff max_cycles: 0xffffffff, max_idle_ns: 7645041785100000 ns
[    1.377481] futex hash table entries: 256 (order: 2, 16384 bytes)
[    1.380810] pinctrl core: initialized pinctrl subsystem
[    1.384221] RTC time:  9:41:53, date: 01/04/19
[    1.391325] NET: Registered protocol family 16
[    1.396434] EISA bus registered
[    1.406507] cpuidle: using governor ladder
[    1.409458] cpuidle: using governor menu
[    1.414152] PCCT header not found.
[    1.416790] ACPI: bus type PCI registered
[    1.420949] acpiphp: ACPI Hot Plug PCI Controller Driver version: 0.5
[    1.432656] PCI : PCI BIOS area is rw and x. Use pci=nobios if you want it NX.
[    1.440529] PCI: PCI BIOS revision 2.10 entry at 0xfda26, last bus=0
[    1.454791] PCI: Using configuration type 1 for base access
[    1.462994] ACPI: Added _OSI(Module Device)
[    1.466755] ACPI: Added _OSI(Processor Device)
[    1.471299] ACPI: Added _OSI(3.0 _SCP Extensions)
[    1.488111] ACPI: Added _OSI(Processor Aggregator Device)
[    1.509629] ACPI: Executed 1 blocks of module-level executable AML code
[    1.525783] ACPI: Interpreter enabled
[    1.528091] ACPI: (supports S0 S5)
[    1.530228] ACPI: Using IOAPIC for interrupt routing
[    1.533971] PCI: Using host bridge windows from ACPI; if necessary, use "pci=nocrs" and report a bug
[    1.557122] ACPI: PCI Root Bridge [PCI0] (domain 0000 [bus 00-ff])
[    1.560339] acpi PNP0A03:00: _OSC: OS supports [ASPM ClockPM Segments MSI]
[    1.605314] acpi PNP0A03:00: _OSC: not requesting OS control; OS requires [ExtendedConfig ASPM ClockPM MSI]
[    1.613017] acpi PNP0A03:00: fail to add MMCONFIG information, can't access extended PCI configuration space under this bridge.
[    1.623891] PCI host bridge to bus 0000:00
[    1.630565] pci_bus 0000:00: root bus resource [io  0x0000-0x0cf7 window]
[    1.639513] pci_bus 0000:00: root bus resource [io  0x0d00-0xffff window]
[    1.646454] pci_bus 0000:00: root bus resource [mem 0x000a0000-0x000bffff window]
[    1.651857] pci_bus 0000:00: root bus resource [mem 0x40000000-0xfdffffff window]
[    1.657225] pci_bus 0000:00: root bus resource [bus 00-ff]
[    1.664640] pci 0000:00:01.1: legacy IDE quirk: reg 0x10: [io  0x01f0-0x01f7]
[    1.668322] pci 0000:00:01.1: legacy IDE quirk: reg 0x14: [io  0x03f6]
[    1.671590] pci 0000:00:01.1: legacy IDE quirk: reg 0x18: [io  0x0170-0x0177]
[    1.675015] pci 0000:00:01.1: legacy IDE quirk: reg 0x1c: [io  0x0376]
[    1.717699] pci 0000:00:07.0: quirk: [io  0x4000-0x403f] claimed by PIIX4 ACPI
[    1.724598] pci 0000:00:07.0: quirk: [io  0x4100-0x410f] claimed by PIIX4 SMB
[    1.768274] ACPI: PCI Interrupt Link [LNKA] (IRQs 5 9 10 *11)
[    1.784542] ACPI: PCI Interrupt Link [LNKB] (IRQs 5 9 *10 11)
[    1.793883] ACPI: PCI Interrupt Link [LNKC] (IRQs 5 *9 10 11)
[    1.799831] ACPI: PCI Interrupt Link [LNKD] (IRQs 5 9 10 *11)
[    1.813967] ACPI: Enabled 2 GPEs in block 00 to 07
[    1.831341] vgaarb: setting as boot device: PCI:0000:00:02.0
[    1.836777] vgaarb: device added: PCI:0000:00:02.0,decodes=io+mem,owns=io+mem,locks=none
[    1.843506] vgaarb: loaded
[    1.847643] vgaarb: bridge control possible 0000:00:02.0
[    1.855718] SCSI subsystem initialized
[    1.862314] ACPI: bus type USB registered
[    1.865656] usbcore: registered new interface driver usbfs
[    1.869188] usbcore: registered new interface driver hub
[    1.872014] usbcore: registered new device driver usb
[    1.877285] PCI: Using ACPI for IRQ routing
[    1.882028] NetLabel: Initializing
[    1.889569] NetLabel:  domain hash size = 128
[    1.894053] NetLabel:  protocols = UNLABELED CIPSOv4
[    1.899247] NetLabel:  unlabeled traffic allowed by default
[    1.908530] amd_nb: Cannot enumerate AMD northbridges
[    1.913477] clocksource: Switched to clocksource kvm-clock
[    1.944808] AppArmor: AppArmor Filesystem Enabled
[    1.947671] pnp: PnP ACPI init
[    1.952393] pnp: PnP ACPI: found 3 devices
[    1.954814] PnPBIOS: Disabled by ACPI PNP
[    1.997046] clocksource: acpi_pm: mask: 0xffffff max_cycles: 0xffffff, max_idle_ns: 2085701024 ns
[    2.005819] NET: Registered protocol family 2
[    2.008982] TCP established hash table entries: 8192 (order: 3, 32768 bytes)
[    2.012591] TCP bind hash table entries: 8192 (order: 4, 65536 bytes)
[    2.017648] TCP: Hash tables configured (established 8192 bind 8192)
[    2.023195] UDP hash table entries: 512 (order: 2, 16384 bytes)
[    2.026208] UDP-Lite hash table entries: 512 (order: 2, 16384 bytes)
[    2.029557] NET: Registered protocol family 1
[    2.032098] pci 0000:00:00.0: Limiting direct PCI/PCI transfers
[    2.038832] pci 0000:00:01.0: Activating ISA DMA hang workarounds
[    2.055768] Unpacking initramfs...
[    2.850330] Freeing initrd memory: 14760K
[    2.853867] RAPL PMU detected, API unit is 2^-32 Joules, 4 fixed counters 10737418240 ms ovfl timer
[    2.865266] hw unit of domain pp0-core 2^-0 Joules
[    2.868618] hw unit of domain package 2^-0 Joules
[    2.871995] hw unit of domain dram 2^-0 Joules
[    2.875415] hw unit of domain pp1-gpu 2^-0 Joules
[    2.878980] platform rtc_cmos: registered platform RTC device (no PNP device found)
[    2.884560] Scanning for low memory corruption every 60 seconds
[    2.892079] audit: initializing netlink subsys (disabled)
[    2.896257] audit: type=2000 audit(1546594921.766:1): initialized
[    2.904672] Initialise system trusted keyring
[    2.909888] HugeTLB registered 2 MB page size, pre-allocated 0 pages
[    2.949956] zbud: loaded
[    2.952026] VFS: Disk quotas dquot_6.6.0
[    2.954682] VFS: Dquot-cache hash table entries: 1024 (order 0, 4096 bytes)
[    2.964236] squashfs: version 4.0 (2009/01/31) Phillip Lougher
[    2.971499] fuse init (API version 7.23)
[    2.975491] Key type big_key registered
[    2.978524] Allocating IMA MOK and blacklist keyrings.
[    2.983149] Key type asymmetric registered
[    2.986548] Asymmetric key parser 'x509' registered
[    2.989950] bounce: pool size: 64 pages
[    2.992899] Block layer SCSI generic (bsg) driver version 0.4 loaded (major 249)
[    2.998385] io scheduler noop registered
[    3.001193] io scheduler deadline registered (default)
[    3.004825] io scheduler cfq registered
[    3.017803] pci_hotplug: PCI Hot Plug PCI Core version: 0.5
[    3.021733] pciehp: PCI Express Hot Plug Controller Driver version: 0.4
[    3.026835] ACPI: AC Adapter [AC] (on-line)
[    3.030428] input: Power Button as /devices/LNXSYSTM:00/LNXPWRBN:00/input/input0
[    3.036140] ACPI: Power Button [PWRF]
[    3.039134] input: Sleep Button as /devices/LNXSYSTM:00/LNXSLPBN:00/input/input1
[    3.043339] ACPI: Sleep Button [SLPF]
[    3.045931] GHES: HEST is not enabled!
[    3.048187] isapnp: Scanning for PnP cards...
[    3.066233] Serial: 8250/16550 driver, 32 ports, IRQ sharing enabled
[    3.105409] 00:02: ttyS0 at I/O 0x3f8 (irq = 4, base_baud = 115200) is a 16550A
[    3.158408] Linux agpgart interface v0.103
[    3.214573] loop: module loaded
[    3.220218] scsi host0: ata_piix
[    3.224303] scsi host1: ata_piix
[    3.226658] ata1: PATA max UDMA/33 cmd 0x1f0 ctl 0x3f6 bmdma 0xd000 irq 14
[    3.235597] ata2: PATA max UDMA/33 cmd 0x170 ctl 0x376 bmdma 0xd008 irq 15
[    3.240289] libphy: Fixed MDIO Bus: probed
[    3.242656] tun: Universal TUN/TAP device driver, 1.6
[    3.245377] tun: (C) 1999-2004 Max Krasnyansky <maxk@qualcomm.com>
[    3.248593] PPP generic driver version 2.4.2
[    3.251169] ehci_hcd: USB 2.0 'Enhanced' Host Controller (EHCI) Driver
[    3.254362] ehci-pci: EHCI PCI platform driver
[    3.257164] ehci-platform: EHCI generic platform driver
[    3.259953] ohci_hcd: USB 1.1 'Open' Host Controller (OHCI) Driver
[    3.310758] ohci-pci: OHCI PCI platform driver
[    3.315760] ohci-platform: OHCI generic platform driver
[    3.320003] uhci_hcd: USB Universal Host Controller Interface driver
[    3.325121] i8042: PNP: PS/2 Controller [PNP0303:PS2K,PNP0f03:PS2M] at 0x60,0x64 irq 1,12
[    3.333471] serio: i8042 KBD port at 0x60,0x64 irq 1
[    3.337488] serio: i8042 AUX port at 0x60,0x64 irq 12
[    3.346553] mousedev: PS/2 mouse device common for all mice
[    3.405914] input: AT Translated Set 2 keyboard as /devices/platform/i8042/serio0/input/input2
[    3.416793] rtc_cmos rtc_cmos: rtc core: registered rtc_cmos as rtc0
[    3.420208] rtc_cmos rtc_cmos: alarms up to one day, 114 bytes nvram
[    3.430292] i2c /dev entries driver
[    3.433464] device-mapper: uevent: version 1.0.3
[    3.437312] device-mapper: ioctl: 4.34.0-ioctl (2015-10-28) initialised: dm-devel@redhat.com
[    3.444534] platform eisa.0: Probing EISA bus 0
[    3.448008] platform eisa.0: EISA: Cannot allocate resource for mainboard
[    3.454510] platform eisa.0: Cannot allocate resource for EISA slot 1
[    3.459001] platform eisa.0: Cannot allocate resource for EISA slot 2
[    3.463460] platform eisa.0: Cannot allocate resource for EISA slot 3
[    3.513304] platform eisa.0: Cannot allocate resource for EISA slot 4
[    3.518086] platform eisa.0: Cannot allocate resource for EISA slot 5
[    3.522507] platform eisa.0: Cannot allocate resource for EISA slot 6
[    3.526895] platform eisa.0: Cannot allocate resource for EISA slot 7
[    3.531308] platform eisa.0: Cannot allocate resource for EISA slot 8
[    3.535863] platform eisa.0: EISA: Detected 0 cards
[    3.539376] cpufreq-nforce2: No nForce2 chipset.
[    3.542447] ledtrig-cpu: registered to indicate activity on CPUs
[    3.547762] NET: Registered protocol family 10
[    3.551677] NET: Registered protocol family 17
[    3.554399] Key type dns_resolver registered
[    3.603939] Using IPI No-Shortcut mode
[    3.606627] registered taskstats version 1
[    3.609310] Loading compiled-in X.509 certificates
[    3.618603] Loaded X.509 cert 'Build time autogenerated kernel key: 8ee7231a1e42e4b4a17d0e4b95c66ffe15d3b32e'
[    3.624197] zswap: loaded using pool lzo/zbud
[    3.631399] Key type trusted registered
[    3.690368] Key type encrypted registered
[    3.694369] AppArmor: AppArmor sha1 policy hashing enabled
[    3.700444] ima: No TPM chip found, activating TPM-bypass!
[    3.704591] ima: Allocated hash algorithm: sha1
[    3.708152] evm: HMAC attrs: 0x1
[    3.711546]   Magic number: 3:354:676
[    3.720394] rtc_cmos rtc_cmos: setting system clock to 2019-01-04 09:41:55 UTC (1546594915)
[    3.771549] isapnp: No Plug & Play device found
[    3.774719] BIOS EDD facility v0.16 2004-Jun-25, 0 devices found
[    3.778826] EDD information not available.
[    3.783893] Freeing unused kernel memory: 952K
[    3.797786] Write protecting the kernel text: 8056k
[    3.801656] Write protecting the kernel read-only data: 3184k
[    3.805661] NX-protecting the kernel data: 6280k
Loading, please wait...
starting version 229
[    3.843222] random: systemd-udevd: uninitialized urandom read (16 bytes read, 4 bits of entropy available)
[    3.856458] random: udevadm: uninitialized urandom read (16 bytes read, 4 bits of entropy available)
[    3.866036] random: systemd-udevd: uninitialized urandom read (16 bytes read, 4 bits of entropy available)
[    3.877993] tsc: Refined TSC clocksource calibration: 1900.009 MHz
[    3.881720] clocksource: tsc: mask: 0xffffffffffffffff max_cycles: 0x36c66949f2d, max_idle_ns: 881590792332 ns
[    3.889786] random: systemd-udevd: uninitialized urandom read (16 bytes read, 4 bits of entropy available)
[    3.956736] random: udevadm: uninitialized urandom read (16 bytes read, 4 bits of entropy available)
[    4.039413] random: udevadm: uninitialized urandom read (16 bytes read, 4 bits of entropy available)
[    4.054369] random: udevadm: uninitialized urandom read (16 bytes read, 4 bits of entropy available)
[    4.068621] random: udevadm: uninitialized urandom read (16 bytes read, 4 bits of entropy available)
[    4.082351] random: udevadm: uninitialized urandom read (16 bytes read, 4 bits of entropy available)
[    4.097037] random: udevadm: uninitialized urandom read (16 bytes read, 4 bits of entropy available)
[    4.347472] e1000: Intel(R) PRO/1000 Network Driver - version 7.3.21-k8-NAPI
[    4.353214] e1000: Copyright (c) 1999-2006 Intel Corporation.
[    4.369266] Fusion MPT base driver 3.04.20
[    4.373021] Copyright (c) 1999-2008 LSI Corporation
[    4.589797] Fusion MPT SPI Host driver 3.04.20
[    4.606742] input: ImExPS/2 Generic Explorer Mouse as /devices/platform/i8042/serio1/input/input4
[    5.167967] e1000 0000:00:03.0 eth0: (PCI:33MHz:32-bit) 02:6b:77:8c:0e:c3
[    5.174846] e1000 0000:00:03.0 eth0: Intel(R) PRO/1000 Network Connection
[    5.181770] mptbase: ioc0: Initiating bringup
[    5.250325] ioc0: LSI53C1030 A0: Capabilities={Initiator}
[    5.416386] scsi host2: ioc0: LSI53C1030 A0, FwRev=00000000h, Ports=1, MaxQ=256, IRQ=20
[    5.541488] scsi 2:0:0:0: Direct-Access     VBOX     HARDDISK         1.0  PQ: 0 ANSI: 5
[    5.548745] scsi target2:0:0: Beginning Domain Validation
[    5.556553] scsi target2:0:0: Domain Validation skipping write tests
[    5.561472] scsi target2:0:0: Ending Domain Validation
[    5.581215] scsi target2:0:0: asynchronous
[    5.614235] scsi 2:0:1:0: Direct-Access     VBOX     HARDDISK         1.0  PQ: 0 ANSI: 5
[    5.664000] scsi target2:0:1: Beginning Domain Validation
[    5.781382] scsi target2:0:1: Domain Validation skipping write tests
[    5.786612] scsi target2:0:1: Ending Domain Validation
[    5.799215] scsi target2:0:1: asynchronous
[    5.985510] sd 2:0:0:0: Attached scsi generic sg0 type 0
[    5.991816] sd 2:0:0:0: [sda] 20971520 512-byte logical blocks: (10.7 GB/10.0 GiB)
[    5.998463] sd 2:0:0:0: [sda] Write Protect is off
[    6.014258] sd 2:0:1:0: [sdb] 20480 512-byte logical blocks: (10.5 MB/10.0 MiB)
[    6.022194] sd 2:0:1:0: Attached scsi generic sg1 type 0
[    6.035857] sd 2:0:1:0: [sdb] Write Protect is off
[    6.046388] sd 2:0:1:0: [sdb] Incomplete mode parameter data
[    6.050046] sd 2:0:1:0: [sdb] Assuming drive cache: write through
[    6.054503] sd 2:0:0:0: [sda] Incomplete mode parameter data
[    6.058342] sd 2:0:0:0: [sda] Assuming drive cache: write through
[    6.092164]  sda: sda1
[    6.095219] sd 2:0:0:0: [sda] Attached SCSI disk
[    6.135475] sd 2:0:1:0: [sdb] Attached SCSI disk
[    6.344951] e1000 0000:00:08.0 eth1: (PCI:33MHz:32-bit) 08:00:27:9c:57:31
[    6.357928] e1000 0000:00:08.0 eth1: Intel(R) PRO/1000 Network Connection
[    6.364389] e1000 0000:00:03.0 enp0s3: renamed from eth0
[    6.378665] e1000 0000:00:08.0 enp0s8: renamed from eth1
Begin: Loading essential drivers ... [    8.928304] md: linear personality registered for level -1
[    8.956322] md: multipath personality registered for level -4
[    8.973897] md: raid0 personality registered for level 0
[    8.996762] md: raid1 personality registered for level 1
[    9.090871] raid6: mmxx1    gen()   518 MB/s
[    9.162566] raid6: mmxx2    gen()   900 MB/s
[    9.234098] raid6: sse1x1   gen()   500 MB/s
[    9.306335] raid6: sse1x2   gen()   980 MB/s
[    9.377877] raid6: sse2x1   gen()  1365 MB/s
[    9.445605] raid6: sse2x1   xor()   636 MB/s
[    9.517923] raid6: sse2x2   gen()  2016 MB/s
[    9.598787] raid6: sse2x2   xor()  1053 MB/s
[    9.606892] raid6: using algorithm sse2x2 gen() 2016 MB/s
[    9.611030] raid6: .... xor() 1053 MB/s, rmw enabled
[    9.621495] raid6: using ssse3x1 recovery algorithm
[    9.644338] xor: measuring software checksum speed
[    9.685625]    pIII_sse  :  7046.000 MB/sec
[    9.738663]    prefetch64-sse:  7639.000 MB/sec
[    9.748355] xor: using function: prefetch64-sse (7639.000 MB/sec)
[    9.768672] async_tx: api initialized (async)
[    9.857437] md: raid6 personality registered for level 6
[    9.865453] md: raid5 personality registered for level 5
[    9.870309] md: raid4 personality registered for level 4
[    9.906530] md: raid10 personality registered for level 10
done.
Begin: Running /scripts/init-premount ... done.
Begin: Mounting root file system ... Begin: Running /scripts/local-top ... done.
Begin: Running /scripts/local-premount ... [   10.082990] Btrfs loaded
Scanning for Btrfs filesystems
done.
Warning: fsck not present, so skipping root file system
[   10.492518] EXT4-fs (sda1): mounted filesystem with ordered data mode. Opts: (null)
done.
Begin: Running /scripts/local-bottom ... done.
Begin: Running /scripts/init-bottom ... [   10.641721] random: nonblocking pool is initialized
done.
[   11.652629] systemd[1]: systemd 229 running in system mode. (+PAM +AUDIT +SELINUX +IMA +APPARMOR +SMACK +SYSVINIT +UTMP +LIBCRYPTSETUP +GCRYPT +GNUTLS +ACL +XZ -LZ4 +SECCOMP +BLKID +ELFUTILS +KMOD -IDN)
[   11.673222] systemd[1]: Detected virtualization oracle.
[   11.678276] systemd[1]: Detected architecture x86.

Welcome to [1mUbuntu 16.04.5 LTS[0m!

[   11.799355] systemd[1]: Set hostname to <kouosl>.
[   13.660448] systemd[1]: Reached target System Time Synchronized.
[[0;32m  OK  [0m] Reached target System Time Synchronized.
[   13.676867] systemd[1]: Listening on /dev/initctl Compatibility Named Pipe.
[[0;32m  OK  [0m] Listening on /dev/initctl Compatibility Named Pipe.
[   13.703107] systemd[1]: Created slice System Slice.
[[0;32m  OK  [0m] Created slice System Slice.
[   13.712256] systemd[1]: Listening on LVM2 poll daemon socket.
[[0;32m  OK  [0m] Listening on LVM2 poll daemon socket.
[   13.719715] systemd[1]: Listening on LVM2 metadata daemon socket.
[[0;32m  OK  [0m] Listening on LVM2 metadata daemon socket.
[   13.726793] systemd[1]: Started Trigger resolvconf update for networkd DNS.
[[0;32m  OK  [0m] Started Trigger resolvconf update for networkd DNS.
[   13.734369] systemd[1]: Reached target Swap.
[[0;32m  OK  [0m] Reached target Swap.
[   13.750181] systemd[1]: Set up automount Arbitrary Executable File Formats File System Automount Point.
[[0;32m  OK  [0m] Set up automount Arbitrary Executab...ats File System Automount Point.
[   13.778340] systemd[1]: Reached target Encrypted Volumes.
[[0;32m  OK  [0m] Reached target Encrypted Volumes.
[   13.805076] systemd[1]: Created slice system-serial\x2dgetty.slice.
[[0;32m  OK  [0m] Created slice system-serial\x2dgetty.slice.
[   13.819859] systemd[1]: Listening on Syslog Socket.
[[0;32m  OK  [0m] Listening on Syslog Socket.
[   13.829457] systemd[1]: Reached target User and Group Name Lookups.
[[0;32m  OK  [0m] Reached target User and Group Name Lookups.
[   13.839131] systemd[1]: Listening on Journal Socket.
[[0;32m  OK  [0m] Listening on Journal Socket.
[   13.853025] systemd[1]: Starting Uncomplicated firewall...
         Starting Uncomplicated firewall...
[   13.865128] systemd[1]: Starting Set console keymap...
         Starting Set console keymap...
[   14.123184] systemd[1]: Starting Load Kernel Modules...
         Starting Load Kernel Modules...
[   14.138929] systemd[1]: Mounting Debug File System...
         Mounting Debug File System...
[   14.167635] systemd[1]: Mounting Huge Pages File System...
         Mounting Huge Pages File System...
[   14.202364] systemd[1]: Listening on udev Control Socket.
[[0;32m  OK  [0m] Listening on udev Control Socket.
[   14.232570] systemd[1]: Starting Remount Root and Kernel File Systems...
         Starting Remount Root and Kernel File Systems...
[   14.312437] systemd[1]: Mounting POSIX Message Queue File System...
         Mounting POSIX Message Queue File System...
[   14.374663] EXT4-fs (sda1): re-mounted. Opts: (null)
[   14.379606] systemd[1]: Starting Create list of required static device nodes for the current kernel...
         Starting Create list of required st... nodes for the current kernel...
[   14.414136] systemd[1]: Listening on Journal Audit Socket.
[[0;32m  OK  [0m] Listening on Journal Audit Socket.
[   14.426047] systemd[1]: Listening on Device-mapper event daemon FIFOs.
[[0;32m  OK  [0m] Listening on Device-mapper event daemon FIFOs.
[   14.436464] systemd[1]: Starting Monitoring of LVM2 mirrors, snapshots etc. using dmeventd or progress polling...
         Starting Monitoring of LVM2 mirrors... dmeventd or progress polling...
[   14.449534] systemd[1]: Listening on Journal Socket (/dev/log).
[[0;32m  OK  [0m] Listening on Journal Socket (/dev/log).
[   14.459101] systemd[1]: Starting Journal Service...
         Starting Journal Service...
[   14.471127] systemd[1]: Created slice User and Session Slice.
[[0;32m  OK  [0m] Created slice User and Session Slice.
[   14.479602] systemd[1]: Reached target Slices.
[[0;32m  OK  [0m] Reached target Slices.
[   14.500983] systemd[1]: Listening on udev Kernel Socket.
[[0;32m  OK  [0m] Listening on udev Kernel Socket.
[   14.509812] systemd[1]: Starting Nameserver information manager...
         Starting Nameserver information manager...
[   14.531781] systemd[1]: Started Forward Password Requests to Wall Directory Watch.
[[0;32m  OK  [0m] Started Forward Password Requests to Wall Directory Watch.
[   14.553470] systemd[1]: Mounted Huge Pages File System.
[[0;32m  OK  [0m] Mounted Huge Pages File System.
[   14.590092] systemd[1]: Mounted POSIX Message Queue File System.
[[0;32m  OK  [0m] Mounted POSIX Message Queue File System.
[   14.605996] systemd[1]: Mounted Debug File System.
[[0;32m  OK  [0m] Mounted Debug File System.
[   14.627961] systemd[1]: Started Uncomplicated firewall.
[   14.660406] Loading iSCSI transport class v2.0-870.
[[0;32m  OK  [0m] Started Uncomplicated firewall.
[   14.679418] systemd[1]: Started Remount Root and Kernel File Systems.
[[0;32m  OK  [0m] Started Remount Root and Kernel File Systems.
[   14.710743] systemd[1]: Started Create list of required static device nodes for the current kernel.
[[0;32m  OK  [0m] Started Create list of required sta...ce nodes for the current kernel.
[   14.814806] systemd[1]: Started Nameserver information manager.
[[0;32m  OK  [0m] Started Nameserver information manager.
[   14.910870] iscsi: registered transport (tcp)
[   15.222493] systemd[1]: Started Journal Service.
[[0;32m  OK  [0m] Started Journal Service.
[[0;32m  OK  [0m] Started LVM2 metadata daemon.
         Starting Create Static Device Nodes in /dev...
         Starting Load/Save Random Seed...
         Starting Flush Journal to Persistent Storage...
         Starting udev Coldplug all Devices...
[[0;32m  OK  [0m] Started Load/Save Random Seed.
[   15.672326] iscsi: registered transport (iser)
[[0;32m  OK  [0m] Started Create Static Device Nodes in /dev.
[[0;32m  OK  [0m] Started Load Kernel Modules.
[   15.857872] systemd-journald[399]: Received request to flush runtime journal from PID 1
         Starting Apply Kernel Variables...
         Mounting FUSE Control File System...
         Starting udev Kernel Device Manager...
[[0;32m  OK  [0m] Mounted FUSE Control File System.
[[0;32m  OK  [0m] Started Set console keymap.
[[0;32m  OK  [0m] Started Flush Journal to Persistent Storage.
[[0;32m  OK  [0m] Started Monitoring of LVM2 mirrors,...ng dmeventd or progress polling.
[[0;32m  OK  [0m] Started Apply Kernel Variables.
[[0;32m  OK  [0m] Started udev Coldplug all Devices.
[[0;32m  OK  [0m] Reached target Local File Systems (Pre).
[[0;32m  OK  [0m] Reached target Local File Systems.
         Starting Set console font and keymap...
         Starting Initial cloud-init job (pre-networking)...
         Starting LSB: AppArmor initialization...
         Starting Tell Plymouth To Write Out Runtime Data...
         Starting Create Volatile Files and Directories...
[[0;32m  OK  [0m] Started udev Kernel Device Manager.
[[0;32m  OK  [0m] Started Tell Plymouth To Write Out Runtime Data.
[[0;32m  OK  [0m] Started Dispatch Password Requests to Console Directory Watch.
[[0;32m  OK  [0m] Started Create Volatile Files and Directories.
         Starting Update UTMP about System Boot/Shutdown...
[[0;32m  OK  [0m] Started Update UTMP about System Boot/Shutdown.
[[0;32m  OK  [0m] Found device /dev/ttyS0.
[[0;32m  OK  [0m] Listening on Load/Save RF Kill Switch Status /dev/rfkill Watch.
[[0;32m  OK  [0m] Found device 82540EM Gigabit Ethern...r (PRO/1000 MT Desktop Adapter).
[[0;32m  OK  [0m] Found device 82540EM Gigabit Ethern...r (PRO/1000 MT Desktop Adapter).
[[0;32m  OK  [0m] Started LSB: AppArmor initialization.
[[0;32m  OK  [0m] Started Set console font and keymap.
[[0;32m  OK  [0m] Created slice system-getty.slice.
[   24.965856] cloud-init[492]: Cloud-init v. 18.4-0ubuntu1~16.04.2 running 'init-local' at Fri, 04 Jan 2019 09:42:16 +0000. Up 23.16 seconds.
[[0;32m  OK  [0m] Started Initial cloud-init job (pre-networking).
[[0;32m  OK  [0m] Reached target Network (Pre).
[[0;32m  OK  [0m] Started ifup for enp0s8.
         Starting Raise network interfaces...
[[0;32m  OK  [0m] Started ifup for enp0s3.
[[0;32m  OK  [0m] Started Raise network interfaces.
         Starting Initial cloud-init job (metadata service crawler)...
[[0;32m  OK  [0m] Reached target Network.
[   29.273227] cloud-init[1074]: Cloud-init v. 18.4-0ubuntu1~16.04.2 running 'init' at Fri, 04 Jan 2019 09:42:20 +0000. Up 27.56 seconds.
[   29.296922] cloud-init[1074]: ci-info: ++++++++++++++++++++++++++++++++++++++Net device info+++++++++++++++++++++++++++++++++++++++
[   29.320934] cloud-init[1074]: ci-info: +--------+------+-----------------------------+---------------+--------+-------------------+
[   29.349151] cloud-init[1074]: ci-info: | Device |  Up  |           Address           |      Mask     | Scope  |     Hw-Address    |
[   29.369025] cloud-init[1074]: ci-info: +--------+------+-----------------------------+---------------+--------+-------------------+
[   29.381841] cloud-init[1074]: ci-info: | enp0s3 | True |          10.0.2.15          | 255.255.255.0 | global | 02:6b:77:8c:0e:c3 |
[   29.392783] cloud-init[1074]: ci-info: | enp0s3 | True |  fe80::6b:77ff:fe8c:ec3/64  |       .       |  link  | 02:6b:77:8c:0e:c3 |
[   29.404652] cloud-init[1074]: ci-info: | enp0s8 | True |        192.168.83.137       | 255.255.255.0 | global | 08:00:27:9c:57:31 |
[   29.421327] cloud-init[1074]: ci-info: | enp0s8 | True | fe80::a00:27ff:fe9c:5731/64 |       .       |  link  | 08:00:27:9c:57:31 |
[   29.444717] cloud-init[1074]: ci-info: |   lo   | True |          127.0.0.1          |   255.0.0.0   |  host  |         .         |
[   29.472671] cloud-init[1074]: ci-info: |   lo   | True |           ::1/128           |       .       |  host  |         .         |
[   29.473553] cloud-init[1074]: ci-info: +--------+------+-----------------------------+---------------+--------+-------------------+
[   29.473910] cloud-init[1074]: ci-info: ++++++++++++++++++++++++++++Route IPv4 info++++++++++++++++++++++++++++
[   29.474723] cloud-init[1074]: ci-info: +-------+--------------+----------+---------------+-----------+-------+
[   29.475101] cloud-init[1074]: ci-info: | Route | Destination  | Gateway  |    Genmask    | Interface | Flags |
[   29.475510] cloud-init[1074]: ci-info: +-------+--------------+----------+---------------+-----------+-------+
[   29.475866] cloud-init[1074]: ci-info: |   0   |   0.0.0.0    | 10.0.2.2 |    0.0.0.0    |   enp0s3  |   UG  |
[[0;32m  OK  [0m] Started Initial cloud-init job (metadata service crawler).
[   29.481145] cloud-init[1074]: ci-info: |   1   |   10.0.2.0   | 0.0.0.0  | 255.255.255.0 |   enp0s3  |   U   |
[   29.560793] cloud-init[1074]: ci-info: |   2   | 192.168.83.0 | 0.0.0.0  | 255.255.255.0 |   enp0s8  |   U   |[[0;32m  OK  [0m] Reached target Network is Online.

[   29.573311] cloud-init[1074]: ci-info: +-------+--------------+----------+---------------+-----------+-------+         Starting iSCSI initiator daemon (iscsid)...
[[0;32m  OK  [0m
[   29.586835] cloud-init] Reached target System Initialization.
         Starting Socket activation for snappy daemon.[1074]: ci-info: +++++++++++++++++++Route IPv6 info+++++++++++++++++++

[   29.600189] cloud-init[1074]: ci-info: +-------+-------------+---------+-----------+-------+
[   29.606739] cloud-init[1074]: ci-info: | Route | Destination | Gateway | Interface | Flags |
[   29.612590] cloud-init[1074]: ci-info: +-------+-------------+---------+-----------+-------+
[   29.619522] cloud-init[1074]: ci-info: |   0   |  fe80::/64  |    ::   |   enp0s8  |   U   |
[   29.624046] cloud-init[1074]: ci-info: |   1   |  fe80::/64  |    ::   |   enp0s3  |   U   |
[   29.637014] cloud-init[1074]: ci-info: |   6   |   ff00::/8  |    ::   |   enp0s8  |   U   |
[   29.652988] cloud-init[1074]: ci-info: |   7   |   ff00::/8  |    ::   |   enp0s3  |   U   |
[   29.659316] cloud-init[1074]: ci-info: +-------+-------------+---------+-----------+-------+
[[0;32m  OK  [0m] Started ACPI Events Check.
[[0;32m  OK  [0m] Reached target Paths.
[[0;32m  OK  [0m] Listening on UUID daemon activation socket.
[[0;32m  OK  [0m] Listening on D-Bus System Message Bus Socket.
[[0;32m  OK  [0m] Listening on ACPID Listen Socket.
[[0;32m  OK  [0m] Started Daily Cleanup of Temporary Directories.
[[0;32m  OK  [0m] Started Daily apt download activities.
         Starting LXD - unix socket.
[[0;32m  OK  [0m] Started Daily apt upgrade and clean activities.
[[0;32m  OK  [0m] Reached target Timers.
[[0;32m  OK  [0m] Reached target Cloud-config availability.
[[0;32m  OK  [0m] Listening on Socket activation for snappy daemon.
[[0;32m  OK  [0m] Listening on LXD - unix socket.
[[0;32m  OK  [0m] Reached target Sockets.
[[0;32m  OK  [0m] Reached target Basic System.
         Starting System Logging Service...
         Starting LSB: Record successful boot for GRUB...
         Starting Virtualbox guest utils...
         Starting Login Service...
[[0;32m  OK  [0m] Started Deferred execution scheduler.
[[0;32m  OK  [0m] Started Unattended Upgrades Shutdown.
         Starting LSB: MD monitoring daemon...
[[0;32m  OK  [0m] Started ACPI event daemon.
[[0;32m  OK  [0m] Started D-Bus System Message Bus.
         Starting OpenBSD Secure Shell server...
         Starting /etc/rc.local Compatibility...
[[0;32m  OK  [0m] Started Regular background program processing daemon.
         Starting LXD - container startup/shutdown...
         Starting Accounts Service...
[[0;32m  OK  [0m] Started FUSE filesystem for LXC.
         Starting Snappy daemon...
[[0;32m  OK  [0m] Started System Logging Service.
[[0;32m  OK  [0m] Started iSCSI initiator daemon (iscsid).
[[0;32m  OK  [0m] Started /etc/rc.local Compatibility.
         Starting Login to default iSCSI targets...
[[0;32m  OK  [0m] Started Login Service.
[[0;32m  OK  [0m] Started LSB: Record successful boot for GRUB.
[[0;32m  OK  [0m] Started LSB: MD monitoring daemon.
[[0;32m  OK  [0m] Started Login to default iSCSI targets.
[[0;32m  OK  [0m] Reached target Remote File Systems (Pre).
[[0;32m  OK  [0m] Reached target Remote File Systems.
         Starting LSB: Apache2 web server...
         Starting LSB: Start and stop the mysql database server daemon...
         Starting LSB: Set the CPU Frequency Scaling governor to "ondemand"...
         Starting LSB: daemon to balance interrupts for SMP systems...
         Starting Permit User Sessions...
         Starting LSB: automatic crash report generation...
[[0;32m  OK  [0m] Started Permit User Sessions.
[[0;32m  OK  [0m] Started LSB: Set the CPU Frequency Scaling governor to "ondemand".
         Starting Terminate Plymouth Boot Screen...
         Starting Hold until boot process finishes up...
[[0;32m  OK  [0m] Started Terminate Plymouth Boot Screen.
[[0;32m  OK  [0m] Started Hold until boot process finishes up.
[[0;32m  OK  [0m] Started LSB: daemon to balance interrupts for SMP systems.
[[0;32m  OK  [0m] Started OpenBSD Secure Shell server.
[[0;32m  OK  [0m] Started LSB: automatic crash report generation.
[[0;32m  OK  [0m] Started Virtualbox guest utils.
         Starting Authenticate and Authorize Users to Run Privileged Tasks...
[[0;32m  OK  [0m] Started Getty on tty1.
         Starting Set console scheme...
[[0;32m  OK  [0m] Started Serial Getty on ttyS0.
[[0;32m  OK  [0m] Reached target Login Prompts.
[[0;32m  OK  [0m] Started Set console scheme.
[[0;32m  OK  [0m] Started Authenticate and Authorize Users to Run Privileged Tasks.
[[0;32m  OK  [0m] Started Accounts Service.
[[0;32m  OK  [0m] Started LXD - container startup/shutdown.
[[0;32m  OK  [0m] Created slice User Slice of vagrant.
         Starting User Manager for UID 1000...
[[0;32m  OK  [0m] Started Session 1 of user vagrant.
[[0;32m  OK  [0m] Started User Manager for UID 1000.
[[0;32m  OK  [0m] Started Snappy daemon.
         Starting Wait until snapd is fully seeded...
[[0;32m  OK  [0m] Started Wait until snapd is fully seeded.
         Starting Apply the settings specified in cloud-config...

Ubuntu 16.04.5 LTS kouosl ttyS0

kouosl login: [   40.782369] cloud-init[1424]: Cloud-init v. 18.4-0ubuntu1~16.04.2 running 'modules:config' at Fri, 04 Jan 2019 09:42:32 +0000. Up 39.75 seconds.
[   46.874522] cloud-init[1970]: Cloud-init v. 18.4-0ubuntu1~16.04.2 running 'modules:final' at Fri, 04 Jan 2019 09:42:38 +0000. Up 45.84 seconds.
[   46.892163] cloud-init[1970]: Cloud-init v. 18.4-0ubuntu1~16.04.2 finished at Fri, 04 Jan 2019 09:42:39 +0000. Datasource DataSourceNoCloud [seed=/dev/sdb][dsmode=net].  Up 46.81 seconds
